<?xml version="1.0" encoding="UTF-8"?>
<!-- Generated by org.testng.reporters.JUnitXMLReporter -->
<testsuite ignored="0" hostname="DESKTOP-765SLTP" failures="0" tests="13" name="Test1" time="34.477" errors="0" timestamp="2022-09-04T08:57:10 PKT">
  <testcase classname="oranghrms.Homepage" name="A_company_bImage" time="2.124"/>
  <testcase classname="oranghrms.Login" name="A_company_bImage" time="2.169"/>
  <testcase classname="oranghrms.Login" name="Page_Heading" time="2.199"/>
  <testcase classname="oranghrms.Login" name="Login_Button" time="0.05"/>
  <testcase classname="oranghrms.Login" name="B_OrangHRM_Logo" time="2.233"/>
  <testcase classname="oranghrms.Login" name="Twitter" time="0.354"/>
  <testcase classname="oranghrms.Login" name="Username" time="3.214"/>
  <testcase classname="oranghrms.Login" name="Linkedin" time="2.202"/>
  <testcase classname="oranghrms.Login" name="Facebook" time="2.273"/>
  <testcase classname="oranghrms.Login" name="Youtube" time="2.113"/>
  <testcase classname="oranghrms.Login" name="Password" time="3.048"/>
  <testcase classname="oranghrms.Homepage" name="login" time="2.358"/>
  <testcase classname="oranghrms.Login" name="login" time="2.392"/>
</testsuite> <!-- Test1 -->
