<?xml version="1.0" encoding="UTF-8"?>
<!-- Generated by org.testng.reporters.JUnitXMLReporter -->
<testsuite ignored="0" hostname="DESKTOP-765SLTP" failures="0" tests="13" name="Test" time="52.022" errors="0" timestamp="2022-09-04T06:28:16 PKT">
  <testcase classname="oranghrms.Login" name="A_company_bImage" time="2.084"/>
  <testcase classname="oranghrms.Login" name="B_OrangHRM_Logo" time="2.067"/>
  <testcase classname="oranghrms.Login" name="Page_Heading" time="2.053"/>
  <testcase classname="oranghrms.Login" name="Username" time="3.035"/>
  <testcase classname="oranghrms.Login" name="Password" time="3.039"/>
  <testcase classname="oranghrms.Login" name="Login_Button" time="0.045"/>
  <testcase classname="oranghrms.Login" name="Linkedin" time="2.128"/>
  <testcase classname="oranghrms.Login" name="Facebook" time="2.117"/>
  <testcase classname="oranghrms.Login" name="Twitter" time="0.129"/>
  <testcase classname="oranghrms.Login" name="Youtube" time="2.086"/>
  <testcase classname="oranghrms.Login" name="login" time="2.356"/>
  <testcase classname="oranghrms.Homepage" name="A_company_bImage" time="2.087"/>
  <testcase classname="oranghrms.Homepage" name="login" time="2.398"/>
</testsuite> <!-- Test -->
