<?xml version="1.0" encoding="UTF-8"?>
<testng-results ignored="0" total="11" passed="11" failed="0" skipped="0">
  <reporter-output>
  </reporter-output>
  <suite started-at="2022-09-13T16:18:07 PKT" name="Default suite" finished-at="2022-09-13T16:18:26 PKT" duration-ms="19052">
    <groups>
    </groups>
    <test started-at="2022-09-13T16:18:07 PKT" name="Default test" finished-at="2022-09-13T16:18:26 PKT" duration-ms="19052">
      <class name="oranghrms.Login">
        <test-method is-config="true" signature="setup()[pri:0, instance:oranghrms.Login@351d00c0]" started-at="2022-09-13T16:18:07 PKT" name="setup" finished-at="2022-09-13T16:18:23 PKT" duration-ms="15668" status="PASS">
          <reporter-output>
          </reporter-output>
        </test-method> <!-- setup -->
        <test-method signature="A_company_bImage()[pri:1, instance:oranghrms.Login@351d00c0]" started-at="2022-09-13T16:18:23 PKT" name="A_company_bImage" finished-at="2022-09-13T16:18:24 PKT" duration-ms="1167" status="PASS">
          <reporter-output>
          </reporter-output>
        </test-method> <!-- A_company_bImage -->
        <test-method signature="B_OrangHRM_Logo()[pri:2, instance:oranghrms.Login@351d00c0]" started-at="2022-09-13T16:18:24 PKT" name="B_OrangHRM_Logo" finished-at="2022-09-13T16:18:24 PKT" duration-ms="47" status="PASS">
          <reporter-output>
          </reporter-output>
        </test-method> <!-- B_OrangHRM_Logo -->
        <test-method signature="Page_Heading()[pri:3, instance:oranghrms.Login@351d00c0]" started-at="2022-09-13T16:18:24 PKT" name="Page_Heading" finished-at="2022-09-13T16:18:24 PKT" duration-ms="94" status="PASS">
          <reporter-output>
          </reporter-output>
        </test-method> <!-- Page_Heading -->
        <test-method signature="Username()[pri:4, instance:oranghrms.Login@351d00c0]" started-at="2022-09-13T16:18:24 PKT" name="Username" finished-at="2022-09-13T16:18:24 PKT" duration-ms="68" status="PASS">
          <reporter-output>
          </reporter-output>
        </test-method> <!-- Username -->
        <test-method signature="Password()[pri:5, instance:oranghrms.Login@351d00c0]" started-at="2022-09-13T16:18:24 PKT" name="Password" finished-at="2022-09-13T16:18:24 PKT" duration-ms="74" status="PASS">
          <reporter-output>
          </reporter-output>
        </test-method> <!-- Password -->
        <test-method signature="Login_Button()[pri:6, instance:oranghrms.Login@351d00c0]" started-at="2022-09-13T16:18:24 PKT" name="Login_Button" finished-at="2022-09-13T16:18:24 PKT" duration-ms="90" status="PASS">
          <reporter-output>
          </reporter-output>
        </test-method> <!-- Login_Button -->
        <test-method signature="Linkedin()[pri:7, instance:oranghrms.Login@351d00c0]" started-at="2022-09-13T16:18:24 PKT" name="Linkedin" finished-at="2022-09-13T16:18:25 PKT" duration-ms="138" status="PASS">
          <reporter-output>
          </reporter-output>
        </test-method> <!-- Linkedin -->
        <test-method signature="Facebook()[pri:8, instance:oranghrms.Login@351d00c0]" started-at="2022-09-13T16:18:25 PKT" name="Facebook" finished-at="2022-09-13T16:18:25 PKT" duration-ms="402" status="PASS">
          <reporter-output>
          </reporter-output>
        </test-method> <!-- Facebook -->
        <test-method signature="Twitter()[pri:9, instance:oranghrms.Login@351d00c0]" started-at="2022-09-13T16:18:25 PKT" name="Twitter" finished-at="2022-09-13T16:18:25 PKT" duration-ms="162" status="PASS">
          <reporter-output>
          </reporter-output>
        </test-method> <!-- Twitter -->
        <test-method signature="Youtube()[pri:10, instance:oranghrms.Login@351d00c0]" started-at="2022-09-13T16:18:25 PKT" name="Youtube" finished-at="2022-09-13T16:18:25 PKT" duration-ms="161" status="PASS">
          <reporter-output>
          </reporter-output>
        </test-method> <!-- Youtube -->
        <test-method signature="login()[pri:11, instance:oranghrms.Login@351d00c0]" started-at="2022-09-13T16:18:25 PKT" name="login" finished-at="2022-09-13T16:18:26 PKT" duration-ms="489" status="PASS">
          <reporter-output>
          </reporter-output>
        </test-method> <!-- login -->
        <test-method is-config="true" signature="teardown()[pri:0, instance:oranghrms.Login@351d00c0]" started-at="2022-09-13T16:18:26 PKT" name="teardown" finished-at="2022-09-13T16:18:26 PKT" duration-ms="397" status="PASS">
          <reporter-output>
          </reporter-output>
        </test-method> <!-- teardown -->
      </class> <!-- oranghrms.Login -->
    </test> <!-- Default test -->
  </suite> <!-- Default suite -->
</testng-results>
