<?xml version="1.0" encoding="UTF-8"?>
<!-- Generated by org.testng.reporters.JUnitXMLReporter -->
<testsuite ignored="0" hostname="DESKTOP-765SLTP" failures="0" tests="4" name="Default test" time="29.113" errors="0" timestamp="2022-08-25T00:17:38 PKT">
  <testcase classname="oranghrms.Login" name="matchtitle" time="15.023"/>
  <testcase classname="oranghrms.Login" name="imagecapture" time="0.055"/>
  <testcase classname="oranghrms.Login" name="LoginText" time="3.044"/>
  <testcase classname="oranghrms.Login" name="userpassword" time="3.253"/>
</testsuite> <!-- Default test -->
