<?xml version="1.0" encoding="UTF-8"?>
<!-- Generated by org.testng.reporters.JUnitXMLReporter -->
<testsuite ignored="10" hostname="DESKTOP-765SLTP" failures="0" tests="3" name="Test2" time="42.358" errors="0" timestamp="2022-09-04T07:30:00 PKT">
  <testcase classname="oranghrms.Login" name="Twitter" time="0.266"/>
  <testcase classname="oranghrms.Homepage" name="A_company_bImage" time="2.365"/>
  <testcase classname="oranghrms.Homepage" name="login" time="2.726"/>
  <testcase classname="oranghrms.Login" name="A_company_bImage" time="0.0">
    <ignored/>
  </testcase> <!-- A_company_bImage -->
  <testcase classname="oranghrms.Login" name="B_OrangHRM_Logo" time="0.0">
    <ignored/>
  </testcase> <!-- B_OrangHRM_Logo -->
  <testcase classname="oranghrms.Login" name="Username" time="0.0">
    <ignored/>
  </testcase> <!-- Username -->
  <testcase classname="oranghrms.Login" name="Login_Button" time="0.0">
    <ignored/>
  </testcase> <!-- Login_Button -->
  <testcase classname="oranghrms.Login" name="Linkedin" time="0.0">
    <ignored/>
  </testcase> <!-- Linkedin -->
  <testcase classname="oranghrms.Login" name="Youtube" time="0.0">
    <ignored/>
  </testcase> <!-- Youtube -->
  <testcase classname="oranghrms.Login" name="Page_Heading" time="0.0">
    <ignored/>
  </testcase> <!-- Page_Heading -->
  <testcase classname="oranghrms.Login" name="Facebook" time="0.0">
    <ignored/>
  </testcase> <!-- Facebook -->
  <testcase classname="oranghrms.Login" name="login" time="0.0">
    <ignored/>
  </testcase> <!-- login -->
  <testcase classname="oranghrms.Login" name="Password" time="0.0">
    <ignored/>
  </testcase> <!-- Password -->
</testsuite> <!-- Test2 -->
