<?xml version="1.0" encoding="UTF-8"?>
<testng-results ignored="0" total="4" passed="4" failed="0" skipped="0">
  <reporter-output>
  </reporter-output>
  <suite started-at="2022-08-25T00:17:09 PKT" name="Default suite" finished-at="2022-08-25T00:17:38 PKT" duration-ms="29113">
    <groups>
    </groups>
    <test started-at="2022-08-25T00:17:09 PKT" name="Default test" finished-at="2022-08-25T00:17:38 PKT" duration-ms="29113">
      <class name="oranghrms.Login">
        <test-method is-config="true" signature="setup()[pri:0, instance:oranghrms.Login@6973b51b]" started-at="2022-08-25T00:17:09 PKT" name="setup" finished-at="2022-08-25T00:17:16 PKT" duration-ms="7450" status="PASS">
          <reporter-output>
          </reporter-output>
        </test-method> <!-- setup -->
        <test-method signature="matchtitle()[pri:1, instance:oranghrms.Login@6973b51b]" started-at="2022-08-25T00:17:16 PKT" name="matchtitle" finished-at="2022-08-25T00:17:31 PKT" duration-ms="15023" status="PASS">
          <reporter-output>
          </reporter-output>
        </test-method> <!-- matchtitle -->
        <test-method signature="imagecapture()[pri:2, instance:oranghrms.Login@6973b51b]" started-at="2022-08-25T00:17:31 PKT" name="imagecapture" finished-at="2022-08-25T00:17:31 PKT" duration-ms="55" status="PASS">
          <reporter-output>
          </reporter-output>
        </test-method> <!-- imagecapture -->
        <test-method signature="LoginText()[pri:3, instance:oranghrms.Login@6973b51b]" started-at="2022-08-25T00:17:31 PKT" name="LoginText" finished-at="2022-08-25T00:17:34 PKT" duration-ms="3044" status="PASS">
          <reporter-output>
          </reporter-output>
        </test-method> <!-- LoginText -->
        <test-method signature="userpassword()[pri:4, instance:oranghrms.Login@6973b51b]" started-at="2022-08-25T00:17:34 PKT" name="userpassword" finished-at="2022-08-25T00:17:37 PKT" duration-ms="3253" status="PASS">
          <reporter-output>
          </reporter-output>
        </test-method> <!-- userpassword -->
        <test-method is-config="true" signature="teardown()[pri:0, instance:oranghrms.Login@6973b51b]" started-at="2022-08-25T00:17:37 PKT" name="teardown" finished-at="2022-08-25T00:17:38 PKT" duration-ms="226" status="PASS">
          <reporter-output>
          </reporter-output>
        </test-method> <!-- teardown -->
      </class> <!-- oranghrms.Login -->
    </test> <!-- Default test -->
  </suite> <!-- Default suite -->
</testng-results>
